<?xml version="1.0" encoding="UTF-8"?>
<!-- Generated by org.testng.reporters.JUnitReportReporter -->
<testsuite hostname="Sweety" failures="0" tests="1" name="Testng_demo2.Testng_demo2.TC_Login_group" time="0.000" errors="0" timestamp="2020-06-10T15:57:28 PDT" skipped="0">
  <testcase classname="Testng_demo2.Testng_demo2.TC_Login_group" name="TC_login_01" time="0.000"/>
  <system-out/>
</testsuite> <!-- Testng_demo2.Testng_demo2.TC_Login_group -->
