<?xml version="1.0" encoding="UTF-8"?>
<!-- Generated by org.testng.reporters.JUnitReportReporter -->
<testsuite hostname="Sweety" failures="0" tests="1" name="Testng_demo2.Testng_demo2.TC_Home_group" time="0.006" errors="0" timestamp="2020-06-10T15:57:28 PDT" skipped="0">
  <testcase classname="Testng_demo2.Testng_demo2.TC_Home_group" name="TC_Home_02" time="0.006"/>
  <system-out/>
</testsuite> <!-- Testng_demo2.Testng_demo2.TC_Home_group -->
