<?xml version="1.0" encoding="UTF-8"?>
<!-- Generated by org.testng.reporters.JUnitReportReporter -->
<testsuite hostname="Sweety" failures="0" tests="1" name="Testng_demo.Testng_demo.TC_Home_group" time="0.007" errors="0" timestamp="25 May 2020 21:32:55 GMT" skipped="0">
  <testcase classname="Testng_demo.Testng_demo.TC_Home_group" name="TC_Home_02" time="0.007"/>
</testsuite> <!-- Testng_demo.Testng_demo.TC_Home_group -->
